<<<<<<< HEAD
2018-10-28 23:33:47,334 - app.views - INFO - Agent windows 10 Ginkgo created
=======
2018-10-05 23:42:44,076 - app.views - ERROR - <!DOCTYPE html>
<html lang="en">
<head>
  <meta http-equiv="content-type" content="text/html; charset=utf-8">
  <title>Page not found at /rest/api/list/</title>
  <meta name="robots" content="NONE,NOARCHIVE">
  <style type="text/css">
    html * { padding:0; margin:0; }
    body * { padding:10px 20px; }
    body * * { padding:0; }
    body { font:small sans-serif; background:#eee; color:#000; }
    body>div { border-bottom:1px solid #ddd; }
    h1 { font-weight:normal; margin-bottom:.4em; }
    h1 span { font-size:60%; color:#666; font-weight:normal; }
    table { border:none; border-collapse: collapse; width:100%; }
    td, th { vertical-align:top; padding:2px 3px; }
    th { width:12em; text-align:right; color:#666; padding-right:.5em; }
    #info { background:#f6f6f6; }
    #info ol { margin: 0.5em 4em; }
    #info ol li { font-family: monospace; }
    #summary { background: #ffc; }
    #explanation { background:#eee; border-bottom: 0px none; }
  </style>
</head>
<body>
  <div id="summary">
    <h1>Page not found <span>(404)</span></h1>
    <table class="meta">
      <tr>
        <th>Request Method:</th>
        <td>GET</td>
      </tr>
      <tr>
        <th>Request URL:</th>
        <td>http://127.0.0.1:8080/rest/api/list/</td>
      </tr>
      
    </table>
  </div>
  <div id="info">
    
      <p>
      Using the URLconf defined in <code>backup.urls</code>,
      Django tried these URL patterns, in this order:
      </p>
      <ol>
        
          <li>
            
                ^admin/
                
            
          </li>
        
          <li>
            
                ^app/
                
            
          </li>
        
          <li>
            
                ^
                
            
                ^$
                [name='index']
            
          </li>
        
          <li>
            
                ^
                
            
                ^contact/$
                [name='contact']
            
          </li>
        
          <li>
            
                ^
                
            
                ^networking/$
                [name='networking']
            
          </li>
        
          <li>
            
                ^
                
            
                ^device_setting/$
                [name='device_setting']
            
          </li>
        
          <li>
            
                ^
                
            
                ^login/$
                [name='login']
            
          </li>
        
          <li>
            
                ^
                
            
                ^logout/$
                [name='logout']
            
          </li>
        
          <li>
            
                ^
                
            
                ^reboot/$
                [name='reboot']
            
          </li>
        
          <li>
            
                ^
                
            
                ^config-agent/(?P&lt;agent_id&gt;\d+)/$
                [name='config-agent']
            
          </li>
        
          <li>
            
                ^
                
            
                ^restore-agent/(?P&lt;agent_id&gt;\d+)/$
                [name='restore-agent']
            
          </li>
        
          <li>
            
                ^
                
            
                ^restore-agent/(?P&lt;agent_id&gt;\d+)/cancel/(?P&lt;restore_id&gt;\d+)/$
                [name='restore-cancel']
            
          </li>
        
          <li>
            
                ^
                
            
                ^agent/$
                [name='agent']
            
          </li>
        
          <li>
            
                ^
                
            
                ^agent/(?P&lt;agent_id&gt;\d+)/$
                [name='start_backup']
            
          </li>
        
          <li>
            
                ^
                
            
                ^off-site/$
                [name='off_site']
            
          </li>
        
          <li>
            
                ^
                
            
                ^delete-agent/(?P&lt;agent_id&gt;\d+)/$
                [name='agent_delete']
            
          </li>
        
          <li>
            
                ^
                
            
                ^recover-point/(?P&lt;agent_id&gt;\d+)/$
                [name='agent-recover-point']
            
          </li>
        
          <li>
            
                ^
                
            
                ^delete-sync/(?P&lt;sync_id&gt;\d+)/$
                [name='sync_delete']
            
          </li>
        
          <li>
            
                ^
                
            
                ^delete-schedule/(?P&lt;schedule_id&gt;\d+)/$
                [name='schedule_delete']
            
          </li>
        
          <li>
            
                ^
                
            
                ^api/get-job/$
                [name='get-job']
            
          </li>
        
          <li>
            
                ^
                
            
                ^api/result-backup/$
                [name='handle-result-backup']
            
          </li>
        
          <li>
            
                ^
                
            
                ^api/result-restore/$
                [name='handle-result-restore']
            
          </li>
        
          <li>
            
                ^
                
            
                ^api/info-agent/$
                [name='update-info-agent']
            
          </li>
        
      </ol>
      <p>
        
        The current path, <code>rest/api/list/</code>, didn't match any of these.
      </p>
    
  </div>

  <div id="explanation">
    <p>
      You're seeing this error because you have <code>DEBUG = True</code> in
      your Django settings file. Change that to <code>False</code>, and Django
      will display a standard 404 page.
    </p>
  </div>
</body>
</html>

2018-10-22 20:14:32,076 - app.views - ERROR - <!DOCTYPE html>
<html lang="en">
<head>
  <meta http-equiv="content-type" content="text/html; charset=utf-8">
  <title>Page not found at /rest/api/list/</title>
  <meta name="robots" content="NONE,NOARCHIVE">
  <style type="text/css">
    html * { padding:0; margin:0; }
    body * { padding:10px 20px; }
    body * * { padding:0; }
    body { font:small sans-serif; background:#eee; color:#000; }
    body>div { border-bottom:1px solid #ddd; }
    h1 { font-weight:normal; margin-bottom:.4em; }
    h1 span { font-size:60%; color:#666; font-weight:normal; }
    table { border:none; border-collapse: collapse; width:100%; }
    td, th { vertical-align:top; padding:2px 3px; }
    th { width:12em; text-align:right; color:#666; padding-right:.5em; }
    #info { background:#f6f6f6; }
    #info ol { margin: 0.5em 4em; }
    #info ol li { font-family: monospace; }
    #summary { background: #ffc; }
    #explanation { background:#eee; border-bottom: 0px none; }
  </style>
</head>
<body>
  <div id="summary">
    <h1>Page not found <span>(404)</span></h1>
    <table class="meta">
      <tr>
        <th>Request Method:</th>
        <td>GET</td>
      </tr>
      <tr>
        <th>Request URL:</th>
        <td>http://127.0.0.1:8080/rest/api/list/</td>
      </tr>
      
    </table>
  </div>
  <div id="info">
    
      <p>
      Using the URLconf defined in <code>backup.urls</code>,
      Django tried these URL patterns, in this order:
      </p>
      <ol>
        
          <li>
            
                ^admin/
                
            
          </li>
        
          <li>
            
                ^app/
                
            
          </li>
        
          <li>
            
                ^
                
            
                ^$
                [name='index']
            
          </li>
        
          <li>
            
                ^
                
            
                ^contact/$
                [name='contact']
            
          </li>
        
          <li>
            
                ^
                
            
                ^networking/$
                [name='networking']
            
          </li>
        
          <li>
            
                ^
                
            
                ^device_setting/$
                [name='device_setting']
            
          </li>
        
          <li>
            
                ^
                
            
                ^login/$
                [name='login']
            
          </li>
        
          <li>
            
                ^
                
            
                ^logout/$
                [name='logout']
            
          </li>
        
          <li>
            
                ^
                
            
                ^reboot/$
                [name='reboot']
            
          </li>
        
          <li>
            
                ^
                
            
                ^config-agent/(?P&lt;agent_id&gt;\d+)/$
                [name='config-agent']
            
          </li>
        
          <li>
            
                ^
                
            
                ^restore-agent/(?P&lt;agent_id&gt;\d+)/$
                [name='restore-agent']
            
          </li>
        
          <li>
            
                ^
                
            
                ^restore-agent/(?P&lt;agent_id&gt;\d+)/cancel/(?P&lt;restore_id&gt;\d+)/$
                [name='restore-cancel']
            
          </li>
        
          <li>
            
                ^
                
            
                ^agent/$
                [name='agent']
            
          </li>
        
          <li>
            
                ^
                
            
                ^agent/(?P&lt;agent_id&gt;\d+)/$
                [name='start_backup']
            
          </li>
        
          <li>
            
                ^
                
            
                ^off-site/$
                [name='off_site']
            
          </li>
        
          <li>
            
                ^
                
            
                ^delete-agent/(?P&lt;agent_id&gt;\d+)/$
                [name='agent_delete']
            
          </li>
        
          <li>
            
                ^
                
            
                ^recover-point/(?P&lt;agent_id&gt;\d+)/$
                [name='agent-recover-point']
            
          </li>
        
          <li>
            
                ^
                
            
                ^delete-sync/(?P&lt;sync_id&gt;\d+)/$
                [name='sync_delete']
            
          </li>
        
          <li>
            
                ^
                
            
                ^delete-schedule/(?P&lt;schedule_id&gt;\d+)/$
                [name='schedule_delete']
            
          </li>
        
          <li>
            
                ^
                
            
                ^api/get-job/$
                [name='get-job']
            
          </li>
        
          <li>
            
                ^
                
            
                ^api/result-backup/$
                [name='handle-result-backup']
            
          </li>
        
          <li>
            
                ^
                
            
                ^api/result-restore/$
                [name='handle-result-restore']
            
          </li>
        
          <li>
            
                ^
                
            
                ^api/info-agent/$
                [name='update-info-agent']
            
          </li>
        
      </ol>
      <p>
        
        The current path, <code>rest/api/list/</code>, didn't match any of these.
      </p>
    
  </div>

  <div id="explanation">
    <p>
      You're seeing this error because you have <code>DEBUG = True</code> in
      your Django settings file. Change that to <code>False</code>, and Django
      will display a standard 404 page.
    </p>
  </div>
</body>
</html>

2018-10-22 20:39:29,499 - app.views - INFO - Sync: seveny - 2018-10-22 13:19:17.758352+00:00 deleted
2018-10-23 12:31:50,351 - app.views - INFO - Sync: seveny - 2018-10-22 17:32:30.412344+00:00 deleted
2018-10-23 22:15:05,675 - app.views - DEBUG - <function now at 0x7fdcb6a80ae8>
2018-10-24 11:15:24,510 - app.views - INFO - Agent sanhok created
2018-10-24 21:44:37,969 - app.views - INFO - Force backup sanhok - /home/locvu/Downloads/Multimedia/
2018-10-24 21:44:37,976 - app.views - INFO - Force backup sanhok - /home/locvu/Downloads/Multimedia/
>>>>>>> ffd7a6598d4e873e156d846d21652228932ee229
2018-10-29 00:35:02,076 - app.views - INFO - Agent Loc VU's com created
2018-10-29 00:59:27,244 - app.views - DEBUG - <function now at 0x7f3d593a0048>
2018-10-29 00:59:27,298 - app.views - DEBUG - job save
2018-10-29 00:59:44,845 - app.views - DEBUG - <function now at 0x7f3d593a0048>
2018-10-29 00:59:45,038 - app.views - DEBUG - job save
2018-10-29 01:00:03,577 - app.views - DEBUG - <function now at 0x7f3d593a0048>
2018-10-29 01:00:03,631 - app.views - DEBUG - job save
2018-10-29 01:00:50,984 - app.views - DEBUG - <function now at 0x7f3d593a0048>
2018-10-29 01:00:51,087 - app.views - DEBUG - job save
2018-10-29 01:03:55,262 - app.views - DEBUG - <function now at 0x7f3d593a0048>
2018-10-29 01:03:55,315 - app.views - DEBUG - job save
2018-10-29 01:05:12,399 - app.views - DEBUG - <function now at 0x7f3d593a0048>
2018-10-29 01:05:12,475 - app.views - DEBUG - job save
2018-10-29 08:29:01,630 - app.views - DEBUG - <function now at 0x7f2251f1d2f0>
2018-10-29 08:29:01,770 - app.views - DEBUG - job save
2018-10-29 08:30:03,176 - app.views - DEBUG - <function now at 0x7f2251f1d2f0>
2018-10-29 08:30:03,218 - app.views - DEBUG - job save
2018-10-29 08:30:39,474 - app.views - DEBUG - <function now at 0x7f2251f1d2f0>
2018-10-29 08:30:39,616 - app.views - DEBUG - job save
2018-10-29 08:34:47,677 - app.views - DEBUG - <function now at 0x7f2251f1d2f0>
2018-10-29 08:34:47,743 - app.views - DEBUG - job save
2018-10-29 08:37:00,659 - app.views - DEBUG - <function now at 0x7f2251f1d2f0>
2018-10-29 08:37:00,695 - app.views - DEBUG - job save
2018-10-29 08:37:19,837 - app.views - DEBUG - <function now at 0x7f2251f1d2f0>
2018-10-29 08:37:20,032 - app.views - DEBUG - job save
2018-10-29 08:52:13,710 - app.views - DEBUG - <function now at 0x7f2251f1d2f0>
2018-10-29 08:52:13,762 - app.views - DEBUG - job save
2018-10-29 08:53:09,455 - app.views - DEBUG - <function now at 0x7f2251f1d2f0>
2018-10-29 08:53:09,507 - app.views - DEBUG - job save
2018-10-29 08:55:15,314 - app.views - DEBUG - <function now at 0x7f2251f1d2f0>
2018-10-29 08:55:15,399 - app.views - DEBUG - job save
2018-10-29 09:00:30,834 - app.views - DEBUG - <function now at 0x7f2251f1d2f0>
2018-10-29 09:00:30,876 - app.views - DEBUG - job save
2018-10-29 09:01:02,019 - app.views - DEBUG - <function now at 0x7f2251f1d2f0>
2018-10-29 09:01:02,071 - app.views - DEBUG - job save
2018-10-29 09:03:20,275 - app.views - DEBUG - <function now at 0x7f2251f1d2f0>
2018-10-29 09:03:20,315 - app.views - DEBUG - job save
2018-10-29 09:03:43,611 - app.views - DEBUG - <function now at 0x7f2251f1d2f0>
2018-10-29 09:03:43,684 - app.views - DEBUG - job save
2018-11-06 16:18:23,826 - app.views - DEBUG - <function now at 0x7f36a80952f0>
2018-11-06 16:18:23,892 - app.views - DEBUG - job save
2018-11-06 16:19:17,716 - app.views - DEBUG - <function now at 0x7f36a80952f0>
2018-11-06 16:19:17,772 - app.views - DEBUG - job save
2018-11-06 16:20:14,329 - app.views - DEBUG - <function now at 0x7f36a80952f0>
2018-11-06 16:20:14,390 - app.views - DEBUG - job save
2018-11-06 16:26:18,331 - app.views - DEBUG - <function now at 0x7f36a80952f0>
2018-11-06 16:26:18,554 - app.views - DEBUG - job save
2018-11-06 16:26:45,885 - app.views - DEBUG - <function now at 0x7f36a80952f0>
2018-11-06 16:26:45,940 - app.views - DEBUG - job save
2018-11-08 10:55:02,241 - app.views - ERROR - <!DOCTYPE html>
<html lang="en">
<head>
  <meta http-equiv="content-type" content="text/html; charset=utf-8">
  <title>Page not found at /rest/api/list/</title>
  <meta name="robots" content="NONE,NOARCHIVE">
  <style type="text/css">
    html * { padding:0; margin:0; }
    body * { padding:10px 20px; }
    body * * { padding:0; }
    body { font:small sans-serif; background:#eee; color:#000; }
    body>div { border-bottom:1px solid #ddd; }
    h1 { font-weight:normal; margin-bottom:.4em; }
    h1 span { font-size:60%; color:#666; font-weight:normal; }
    table { border:none; border-collapse: collapse; width:100%; }
    td, th { vertical-align:top; padding:2px 3px; }
    th { width:12em; text-align:right; color:#666; padding-right:.5em; }
    #info { background:#f6f6f6; }
    #info ol { margin: 0.5em 4em; }
    #info ol li { font-family: monospace; }
    #summary { background: #ffc; }
    #explanation { background:#eee; border-bottom: 0px none; }
  </style>
</head>
<body>
  <div id="summary">
    <h1>Page not found <span>(404)</span></h1>
    <table class="meta">
      <tr>
        <th>Request Method:</th>
        <td>GET</td>
      </tr>
      <tr>
        <th>Request URL:</th>
        <td>http://192.168.20.51:8000/rest/api/list/</td>
      </tr>
      
    </table>
  </div>
  <div id="info">
    
      <p>
      Using the URLconf defined in <code>backup.urls</code>,
      Django tried these URL patterns, in this order:
      </p>
      <ol>
        
          <li>
            
                ^admin/
                
            
          </li>
        
          <li>
            
                ^app/
                
            
          </li>
        
          <li>
            
                ^
                
            
                ^$
                [name='index']
            
          </li>
        
          <li>
            
                ^
                
            
                ^contact/$
                [name='contact']
            
          </li>
        
          <li>
            
                ^
                
            
                ^networking/$
                [name='networking']
            
          </li>
        
          <li>
            
                ^
                
            
                ^device_setting/$
                [name='device_setting']
            
          </li>
        
          <li>
            
                ^
                
            
                ^login/$
                [name='login']
            
          </li>
        
          <li>
            
                ^
                
            
                ^logout/$
                [name='logout']
            
          </li>
        
          <li>
            
                ^
                
            
                ^reboot/$
                [name='reboot']
            
          </li>
        
          <li>
            
                ^
                
            
                ^config-agent/(?P&lt;agent_id&gt;\d+)/$
                [name='config-agent']
            
          </li>
        
          <li>
            
                ^
                
            
                ^restore-agent/(?P&lt;agent_id&gt;\d+)/$
                [name='restore-agent']
            
          </li>
        
          <li>
            
                ^
                
            
                ^restore-agent/(?P&lt;agent_id&gt;\d+)/cancel/(?P&lt;restore_id&gt;\d+)/$
                [name='restore-cancel']
            
          </li>
        
          <li>
            
                ^
                
            
                ^restore-agent/(?P&lt;agent_id&gt;\d+)/clear/(?P&lt;restore_id&gt;\d+)/$
                [name='restore-clear']
            
          </li>
        
          <li>
            
                ^
                
            
                ^agent/$
                [name='agent']
            
          </li>
        
          <li>
            
                ^
                
            
                ^agent/(?P&lt;agent_id&gt;\d+)/$
                [name='start_backup']
            
          </li>
        
          <li>
            
                ^
                
            
                ^off-site/$
                [name='off_site']
            
          </li>
        
          <li>
            
                ^
                
            
                ^delete-agent/(?P&lt;agent_id&gt;\d+)/$
                [name='agent_delete']
            
          </li>
        
          <li>
            
                ^
                
            
                ^recover-point/(?P&lt;agent_id&gt;\d+)/$
                [name='agent-recover-point']
            
          </li>
        
          <li>
            
                ^
                
            
                ^delete-sync/(?P&lt;sync_id&gt;\d+)/$
                [name='sync_delete']
            
          </li>
        
          <li>
            
                ^
                
            
                ^delete-schedule/(?P&lt;schedule_id&gt;\d+)/$
                [name='schedule_delete']
            
          </li>
        
          <li>
            
                ^
                
            
                ^api/get-job/$
                [name='get-job']
            
          </li>
        
          <li>
            
                ^
                
            
                ^api/result-backup/$
                [name='handle-result-backup']
            
          </li>
        
          <li>
            
                ^
                
            
                ^api/result-restore/$
                [name='handle-result-restore']
            
          </li>
        
          <li>
            
                ^
                
            
                ^api/info-agent/$
                [name='update-info-agent']
            
          </li>
        
      </ol>
      <p>
        
        The current path, <code>rest/api/list/</code>, didn't match any of these.
      </p>
    
  </div>

  <div id="explanation">
    <p>
      You're seeing this error because you have <code>DEBUG = True</code> in
      your Django settings file. Change that to <code>False</code>, and Django
      will display a standard 404 page.
    </p>
  </div>
</body>
</html>

2018-11-08 11:09:26,778 - app.views - ERROR - <!DOCTYPE html>
<html lang="en">
<head>
  <meta http-equiv="content-type" content="text/html; charset=utf-8">
  <title>Page not found at /rest/api/list/</title>
  <meta name="robots" content="NONE,NOARCHIVE">
  <style type="text/css">
    html * { padding:0; margin:0; }
    body * { padding:10px 20px; }
    body * * { padding:0; }
    body { font:small sans-serif; background:#eee; color:#000; }
    body>div { border-bottom:1px solid #ddd; }
    h1 { font-weight:normal; margin-bottom:.4em; }
    h1 span { font-size:60%; color:#666; font-weight:normal; }
    table { border:none; border-collapse: collapse; width:100%; }
    td, th { vertical-align:top; padding:2px 3px; }
    th { width:12em; text-align:right; color:#666; padding-right:.5em; }
    #info { background:#f6f6f6; }
    #info ol { margin: 0.5em 4em; }
    #info ol li { font-family: monospace; }
    #summary { background: #ffc; }
    #explanation { background:#eee; border-bottom: 0px none; }
  </style>
</head>
<body>
  <div id="summary">
    <h1>Page not found <span>(404)</span></h1>
    <table class="meta">
      <tr>
        <th>Request Method:</th>
        <td>GET</td>
      </tr>
      <tr>
        <th>Request URL:</th>
        <td>http://192.168.20.51:8000/rest/api/list/</td>
      </tr>
      
    </table>
  </div>
  <div id="info">
    
      <p>
      Using the URLconf defined in <code>backup.urls</code>,
      Django tried these URL patterns, in this order:
      </p>
      <ol>
        
          <li>
            
                ^admin/
                
            
          </li>
        
          <li>
            
                ^app/
                
            
          </li>
        
          <li>
            
                ^
                
            
                ^$
                [name='index']
            
          </li>
        
          <li>
            
                ^
                
            
                ^contact/$
                [name='contact']
            
          </li>
        
          <li>
            
                ^
                
            
                ^networking/$
                [name='networking']
            
          </li>
        
          <li>
            
                ^
                
            
                ^device_setting/$
                [name='device_setting']
            
          </li>
        
          <li>
            
                ^
                
            
                ^login/$
                [name='login']
            
          </li>
        
          <li>
            
                ^
                
            
                ^logout/$
                [name='logout']
            
          </li>
        
          <li>
            
                ^
                
            
                ^reboot/$
                [name='reboot']
            
          </li>
        
          <li>
            
                ^
                
            
                ^config-agent/(?P&lt;agent_id&gt;\d+)/$
                [name='config-agent']
            
          </li>
        
          <li>
            
                ^
                
            
                ^restore-agent/(?P&lt;agent_id&gt;\d+)/$
                [name='restore-agent']
            
          </li>
        
          <li>
            
                ^
                
            
                ^restore-agent/(?P&lt;agent_id&gt;\d+)/cancel/(?P&lt;restore_id&gt;\d+)/$
                [name='restore-cancel']
            
          </li>
        
          <li>
            
                ^
                
            
                ^restore-agent/(?P&lt;agent_id&gt;\d+)/clear/(?P&lt;restore_id&gt;\d+)/$
                [name='restore-clear']
            
          </li>
        
          <li>
            
                ^
                
            
                ^agent/$
                [name='agent']
            
          </li>
        
          <li>
            
                ^
                
            
                ^agent/(?P&lt;agent_id&gt;\d+)/$
                [name='start_backup']
            
          </li>
        
          <li>
            
                ^
                
            
                ^off-site/$
                [name='off_site']
            
          </li>
        
          <li>
            
                ^
                
            
                ^delete-agent/(?P&lt;agent_id&gt;\d+)/$
                [name='agent_delete']
            
          </li>
        
          <li>
            
                ^
                
            
                ^recover-point/(?P&lt;agent_id&gt;\d+)/$
                [name='agent-recover-point']
            
          </li>
        
          <li>
            
                ^
                
            
                ^delete-sync/(?P&lt;sync_id&gt;\d+)/$
                [name='sync_delete']
            
          </li>
        
          <li>
            
                ^
                
            
                ^delete-schedule/(?P&lt;schedule_id&gt;\d+)/$
                [name='schedule_delete']
            
          </li>
        
          <li>
            
                ^
                
            
                ^api/get-job/$
                [name='get-job']
            
          </li>
        
          <li>
            
                ^
                
            
                ^api/result-backup/$
                [name='handle-result-backup']
            
          </li>
        
          <li>
            
                ^
                
            
                ^api/result-restore/$
                [name='handle-result-restore']
            
          </li>
        
          <li>
            
                ^
                
            
                ^api/info-agent/$
                [name='update-info-agent']
            
          </li>
        
      </ol>
      <p>
        
        The current path, <code>rest/api/list/</code>, didn't match any of these.
      </p>
    
  </div>

  <div id="explanation">
    <p>
      You're seeing this error because you have <code>DEBUG = True</code> in
      your Django settings file. Change that to <code>False</code>, and Django
      will display a standard 404 page.
    </p>
  </div>
</body>
</html>

2018-11-08 11:09:53,841 - app.views - ERROR - <!DOCTYPE html>
<html lang="en">
<head>
  <meta http-equiv="content-type" content="text/html; charset=utf-8">
  <title>Page not found at /rest/api/list/</title>
  <meta name="robots" content="NONE,NOARCHIVE">
  <style type="text/css">
    html * { padding:0; margin:0; }
    body * { padding:10px 20px; }
    body * * { padding:0; }
    body { font:small sans-serif; background:#eee; color:#000; }
    body>div { border-bottom:1px solid #ddd; }
    h1 { font-weight:normal; margin-bottom:.4em; }
    h1 span { font-size:60%; color:#666; font-weight:normal; }
    table { border:none; border-collapse: collapse; width:100%; }
    td, th { vertical-align:top; padding:2px 3px; }
    th { width:12em; text-align:right; color:#666; padding-right:.5em; }
    #info { background:#f6f6f6; }
    #info ol { margin: 0.5em 4em; }
    #info ol li { font-family: monospace; }
    #summary { background: #ffc; }
    #explanation { background:#eee; border-bottom: 0px none; }
  </style>
</head>
<body>
  <div id="summary">
    <h1>Page not found <span>(404)</span></h1>
    <table class="meta">
      <tr>
        <th>Request Method:</th>
        <td>GET</td>
      </tr>
      <tr>
        <th>Request URL:</th>
        <td>http://192.168.20.51:8000/rest/api/list/</td>
      </tr>
      
    </table>
  </div>
  <div id="info">
    
      <p>
      Using the URLconf defined in <code>backup.urls</code>,
      Django tried these URL patterns, in this order:
      </p>
      <ol>
        
          <li>
            
                ^admin/
                
            
          </li>
        
          <li>
            
                ^app/
                
            
          </li>
        
          <li>
            
                ^
                
            
                ^$
                [name='index']
            
          </li>
        
          <li>
            
                ^
                
            
                ^contact/$
                [name='contact']
            
          </li>
        
          <li>
            
                ^
                
            
                ^networking/$
                [name='networking']
            
          </li>
        
          <li>
            
                ^
                
            
                ^device_setting/$
                [name='device_setting']
            
          </li>
        
          <li>
            
                ^
                
            
                ^login/$
                [name='login']
            
          </li>
        
          <li>
            
                ^
                
            
                ^logout/$
                [name='logout']
            
          </li>
        
          <li>
            
                ^
                
            
                ^reboot/$
                [name='reboot']
            
          </li>
        
          <li>
            
                ^
                
            
                ^config-agent/(?P&lt;agent_id&gt;\d+)/$
                [name='config-agent']
            
          </li>
        
          <li>
            
                ^
                
            
                ^restore-agent/(?P&lt;agent_id&gt;\d+)/$
                [name='restore-agent']
            
          </li>
        
          <li>
            
                ^
                
            
                ^restore-agent/(?P&lt;agent_id&gt;\d+)/cancel/(?P&lt;restore_id&gt;\d+)/$
                [name='restore-cancel']
            
          </li>
        
          <li>
            
                ^
                
            
                ^restore-agent/(?P&lt;agent_id&gt;\d+)/clear/(?P&lt;restore_id&gt;\d+)/$
                [name='restore-clear']
            
          </li>
        
          <li>
            
                ^
                
            
                ^agent/$
                [name='agent']
            
          </li>
        
          <li>
            
                ^
                
            
                ^agent/(?P&lt;agent_id&gt;\d+)/$
                [name='start_backup']
            
          </li>
        
          <li>
            
                ^
                
            
                ^off-site/$
                [name='off_site']
            
          </li>
        
          <li>
            
                ^
                
            
                ^delete-agent/(?P&lt;agent_id&gt;\d+)/$
                [name='agent_delete']
            
          </li>
        
          <li>
            
                ^
                
            
                ^recover-point/(?P&lt;agent_id&gt;\d+)/$
                [name='agent-recover-point']
            
          </li>
        
          <li>
            
                ^
                
            
                ^delete-sync/(?P&lt;sync_id&gt;\d+)/$
                [name='sync_delete']
            
          </li>
        
          <li>
            
                ^
                
            
                ^delete-schedule/(?P&lt;schedule_id&gt;\d+)/$
                [name='schedule_delete']
            
          </li>
        
          <li>
            
                ^
                
            
                ^api/get-job/$
                [name='get-job']
            
          </li>
        
          <li>
            
                ^
                
            
                ^api/result-backup/$
                [name='handle-result-backup']
            
          </li>
        
          <li>
            
                ^
                
            
                ^api/result-restore/$
                [name='handle-result-restore']
            
          </li>
        
          <li>
            
                ^
                
            
                ^api/info-agent/$
                [name='update-info-agent']
            
          </li>
        
      </ol>
      <p>
        
        The current path, <code>rest/api/list/</code>, didn't match any of these.
      </p>
    
  </div>

  <div id="explanation">
    <p>
      You're seeing this error because you have <code>DEBUG = True</code> in
      your Django settings file. Change that to <code>False</code>, and Django
      will display a standard 404 page.
    </p>
  </div>
</body>
</html>

2018-11-08 11:11:04,133 - app.views - ERROR - <!DOCTYPE html>
<html lang="en">
<head>
  <meta http-equiv="content-type" content="text/html; charset=utf-8">
  <title>Page not found at /rest/api/list/</title>
  <meta name="robots" content="NONE,NOARCHIVE">
  <style type="text/css">
    html * { padding:0; margin:0; }
    body * { padding:10px 20px; }
    body * * { padding:0; }
    body { font:small sans-serif; background:#eee; color:#000; }
    body>div { border-bottom:1px solid #ddd; }
    h1 { font-weight:normal; margin-bottom:.4em; }
    h1 span { font-size:60%; color:#666; font-weight:normal; }
    table { border:none; border-collapse: collapse; width:100%; }
    td, th { vertical-align:top; padding:2px 3px; }
    th { width:12em; text-align:right; color:#666; padding-right:.5em; }
    #info { background:#f6f6f6; }
    #info ol { margin: 0.5em 4em; }
    #info ol li { font-family: monospace; }
    #summary { background: #ffc; }
    #explanation { background:#eee; border-bottom: 0px none; }
  </style>
</head>
<body>
  <div id="summary">
    <h1>Page not found <span>(404)</span></h1>
    <table class="meta">
      <tr>
        <th>Request Method:</th>
        <td>GET</td>
      </tr>
      <tr>
        <th>Request URL:</th>
        <td>http://192.168.20.51:8000/rest/api/list/</td>
      </tr>
      
    </table>
  </div>
  <div id="info">
    
      <p>
      Using the URLconf defined in <code>backup.urls</code>,
      Django tried these URL patterns, in this order:
      </p>
      <ol>
        
          <li>
            
                ^admin/
                
            
          </li>
        
          <li>
            
                ^app/
                
            
          </li>
        
          <li>
            
                ^
                
            
                ^$
                [name='index']
            
          </li>
        
          <li>
            
                ^
                
            
                ^contact/$
                [name='contact']
            
          </li>
        
          <li>
            
                ^
                
            
                ^networking/$
                [name='networking']
            
          </li>
        
          <li>
            
                ^
                
            
                ^device_setting/$
                [name='device_setting']
            
          </li>
        
          <li>
            
                ^
                
            
                ^login/$
                [name='login']
            
          </li>
        
          <li>
            
                ^
                
            
                ^logout/$
                [name='logout']
            
          </li>
        
          <li>
            
                ^
                
            
                ^reboot/$
                [name='reboot']
            
          </li>
        
          <li>
            
                ^
                
            
                ^config-agent/(?P&lt;agent_id&gt;\d+)/$
                [name='config-agent']
            
          </li>
        
          <li>
            
                ^
                
            
                ^restore-agent/(?P&lt;agent_id&gt;\d+)/$
                [name='restore-agent']
            
          </li>
        
          <li>
            
                ^
                
            
                ^restore-agent/(?P&lt;agent_id&gt;\d+)/cancel/(?P&lt;restore_id&gt;\d+)/$
                [name='restore-cancel']
            
          </li>
        
          <li>
            
                ^
                
            
                ^restore-agent/(?P&lt;agent_id&gt;\d+)/clear/(?P&lt;restore_id&gt;\d+)/$
                [name='restore-clear']
            
          </li>
        
          <li>
            
                ^
                
            
                ^agent/$
                [name='agent']
            
          </li>
        
          <li>
            
                ^
                
            
                ^agent/(?P&lt;agent_id&gt;\d+)/$
                [name='start_backup']
            
          </li>
        
          <li>
            
                ^
                
            
                ^off-site/$
                [name='off_site']
            
          </li>
        
          <li>
            
                ^
                
            
                ^delete-agent/(?P&lt;agent_id&gt;\d+)/$
                [name='agent_delete']
            
          </li>
        
          <li>
            
                ^
                
            
                ^recover-point/(?P&lt;agent_id&gt;\d+)/$
                [name='agent-recover-point']
            
          </li>
        
          <li>
            
                ^
                
            
                ^delete-sync/(?P&lt;sync_id&gt;\d+)/$
                [name='sync_delete']
            
          </li>
        
          <li>
            
                ^
                
            
                ^delete-schedule/(?P&lt;schedule_id&gt;\d+)/$
                [name='schedule_delete']
            
          </li>
        
          <li>
            
                ^
                
            
                ^api/get-job/$
                [name='get-job']
            
          </li>
        
          <li>
            
                ^
                
            
                ^api/result-backup/$
                [name='handle-result-backup']
            
          </li>
        
          <li>
            
                ^
                
            
                ^api/result-restore/$
                [name='handle-result-restore']
            
          </li>
        
          <li>
            
                ^
                
            
                ^api/info-agent/$
                [name='update-info-agent']
            
          </li>
        
      </ol>
      <p>
        
        The current path, <code>rest/api/list/</code>, didn't match any of these.
      </p>
    
  </div>

  <div id="explanation">
    <p>
      You're seeing this error because you have <code>DEBUG = True</code> in
      your Django settings file. Change that to <code>False</code>, and Django
      will display a standard 404 page.
    </p>
  </div>
</body>
</html>

2018-11-08 11:11:30,198 - app.views - ERROR - <!DOCTYPE html>
<html lang="en">
<head>
  <meta http-equiv="content-type" content="text/html; charset=utf-8">
  <title>Page not found at /rest/api/list/</title>
  <meta name="robots" content="NONE,NOARCHIVE">
  <style type="text/css">
    html * { padding:0; margin:0; }
    body * { padding:10px 20px; }
    body * * { padding:0; }
    body { font:small sans-serif; background:#eee; color:#000; }
    body>div { border-bottom:1px solid #ddd; }
    h1 { font-weight:normal; margin-bottom:.4em; }
    h1 span { font-size:60%; color:#666; font-weight:normal; }
    table { border:none; border-collapse: collapse; width:100%; }
    td, th { vertical-align:top; padding:2px 3px; }
    th { width:12em; text-align:right; color:#666; padding-right:.5em; }
    #info { background:#f6f6f6; }
    #info ol { margin: 0.5em 4em; }
    #info ol li { font-family: monospace; }
    #summary { background: #ffc; }
    #explanation { background:#eee; border-bottom: 0px none; }
  </style>
</head>
<body>
  <div id="summary">
    <h1>Page not found <span>(404)</span></h1>
    <table class="meta">
      <tr>
        <th>Request Method:</th>
        <td>GET</td>
      </tr>
      <tr>
        <th>Request URL:</th>
        <td>http://192.168.20.51:8000/rest/api/list/</td>
      </tr>
      
    </table>
  </div>
  <div id="info">
    
      <p>
      Using the URLconf defined in <code>backup.urls</code>,
      Django tried these URL patterns, in this order:
      </p>
      <ol>
        
          <li>
            
                ^admin/
                
            
          </li>
        
          <li>
            
                ^app/
                
            
          </li>
        
          <li>
            
                ^
                
            
                ^$
                [name='index']
            
          </li>
        
          <li>
            
                ^
                
            
                ^contact/$
                [name='contact']
            
          </li>
        
          <li>
            
                ^
                
            
                ^networking/$
                [name='networking']
            
          </li>
        
          <li>
            
                ^
                
            
                ^device_setting/$
                [name='device_setting']
            
          </li>
        
          <li>
            
                ^
                
            
                ^login/$
                [name='login']
            
          </li>
        
          <li>
            
                ^
                
            
                ^logout/$
                [name='logout']
            
          </li>
        
          <li>
            
                ^
                
            
                ^reboot/$
                [name='reboot']
            
          </li>
        
          <li>
            
                ^
                
            
                ^config-agent/(?P&lt;agent_id&gt;\d+)/$
                [name='config-agent']
            
          </li>
        
          <li>
            
                ^
                
            
                ^restore-agent/(?P&lt;agent_id&gt;\d+)/$
                [name='restore-agent']
            
          </li>
        
          <li>
            
                ^
                
            
                ^restore-agent/(?P&lt;agent_id&gt;\d+)/cancel/(?P&lt;restore_id&gt;\d+)/$
                [name='restore-cancel']
            
          </li>
        
          <li>
            
                ^
                
            
                ^restore-agent/(?P&lt;agent_id&gt;\d+)/clear/(?P&lt;restore_id&gt;\d+)/$
                [name='restore-clear']
            
          </li>
        
          <li>
            
                ^
                
            
                ^agent/$
                [name='agent']
            
          </li>
        
          <li>
            
                ^
                
            
                ^agent/(?P&lt;agent_id&gt;\d+)/$
                [name='start_backup']
            
          </li>
        
          <li>
            
                ^
                
            
                ^off-site/$
                [name='off_site']
            
          </li>
        
          <li>
            
                ^
                
            
                ^delete-agent/(?P&lt;agent_id&gt;\d+)/$
                [name='agent_delete']
            
          </li>
        
          <li>
            
                ^
                
            
                ^recover-point/(?P&lt;agent_id&gt;\d+)/$
                [name='agent-recover-point']
            
          </li>
        
          <li>
            
                ^
                
            
                ^delete-sync/(?P&lt;sync_id&gt;\d+)/$
                [name='sync_delete']
            
          </li>
        
          <li>
            
                ^
                
            
                ^delete-schedule/(?P&lt;schedule_id&gt;\d+)/$
                [name='schedule_delete']
            
          </li>
        
          <li>
            
                ^
                
            
                ^api/get-job/$
                [name='get-job']
            
          </li>
        
          <li>
            
                ^
                
            
                ^api/result-backup/$
                [name='handle-result-backup']
            
          </li>
        
          <li>
            
                ^
                
            
                ^api/result-restore/$
                [name='handle-result-restore']
            
          </li>
        
          <li>
            
                ^
                
            
                ^api/info-agent/$
                [name='update-info-agent']
            
          </li>
        
      </ol>
      <p>
        
        The current path, <code>rest/api/list/</code>, didn't match any of these.
      </p>
    
  </div>

  <div id="explanation">
    <p>
      You're seeing this error because you have <code>DEBUG = True</code> in
      your Django settings file. Change that to <code>False</code>, and Django
      will display a standard 404 page.
    </p>
  </div>
</body>
</html>

2018-11-08 11:17:54,133 - app.views - ERROR - <!DOCTYPE html>
<html lang="en">
<head>
  <meta http-equiv="content-type" content="text/html; charset=utf-8">
  <title>Page not found at /rest/api/list/</title>
  <meta name="robots" content="NONE,NOARCHIVE">
  <style type="text/css">
    html * { padding:0; margin:0; }
    body * { padding:10px 20px; }
    body * * { padding:0; }
    body { font:small sans-serif; background:#eee; color:#000; }
    body>div { border-bottom:1px solid #ddd; }
    h1 { font-weight:normal; margin-bottom:.4em; }
    h1 span { font-size:60%; color:#666; font-weight:normal; }
    table { border:none; border-collapse: collapse; width:100%; }
    td, th { vertical-align:top; padding:2px 3px; }
    th { width:12em; text-align:right; color:#666; padding-right:.5em; }
    #info { background:#f6f6f6; }
    #info ol { margin: 0.5em 4em; }
    #info ol li { font-family: monospace; }
    #summary { background: #ffc; }
    #explanation { background:#eee; border-bottom: 0px none; }
  </style>
</head>
<body>
  <div id="summary">
    <h1>Page not found <span>(404)</span></h1>
    <table class="meta">
      <tr>
        <th>Request Method:</th>
        <td>GET</td>
      </tr>
      <tr>
        <th>Request URL:</th>
        <td>http://192.168.20.51:8000/rest/api/list/</td>
      </tr>
      
    </table>
  </div>
  <div id="info">
    
      <p>
      Using the URLconf defined in <code>backup.urls</code>,
      Django tried these URL patterns, in this order:
      </p>
      <ol>
        
          <li>
            
                ^admin/
                
            
          </li>
        
          <li>
            
                ^app/
                
            
          </li>
        
          <li>
            
                ^
                
            
                ^$
                [name='index']
            
          </li>
        
          <li>
            
                ^
                
            
                ^contact/$
                [name='contact']
            
          </li>
        
          <li>
            
                ^
                
            
                ^networking/$
                [name='networking']
            
          </li>
        
          <li>
            
                ^
                
            
                ^device_setting/$
                [name='device_setting']
            
          </li>
        
          <li>
            
                ^
                
            
                ^login/$
                [name='login']
            
          </li>
        
          <li>
            
                ^
                
            
                ^logout/$
                [name='logout']
            
          </li>
        
          <li>
            
                ^
                
            
                ^reboot/$
                [name='reboot']
            
          </li>
        
          <li>
            
                ^
                
            
                ^config-agent/(?P&lt;agent_id&gt;\d+)/$
                [name='config-agent']
            
          </li>
        
          <li>
            
                ^
                
            
                ^restore-agent/(?P&lt;agent_id&gt;\d+)/$
                [name='restore-agent']
            
          </li>
        
          <li>
            
                ^
                
            
                ^restore-agent/(?P&lt;agent_id&gt;\d+)/cancel/(?P&lt;restore_id&gt;\d+)/$
                [name='restore-cancel']
            
          </li>
        
          <li>
            
                ^
                
            
                ^restore-agent/(?P&lt;agent_id&gt;\d+)/clear/(?P&lt;restore_id&gt;\d+)/$
                [name='restore-clear']
            
          </li>
        
          <li>
            
                ^
                
            
                ^agent/$
                [name='agent']
            
          </li>
        
          <li>
            
                ^
                
            
                ^agent/(?P&lt;agent_id&gt;\d+)/$
                [name='start_backup']
            
          </li>
        
          <li>
            
                ^
                
            
                ^off-site/$
                [name='off_site']
            
          </li>
        
          <li>
            
                ^
                
            
                ^delete-agent/(?P&lt;agent_id&gt;\d+)/$
                [name='agent_delete']
            
          </li>
        
          <li>
            
                ^
                
            
                ^recover-point/(?P&lt;agent_id&gt;\d+)/$
                [name='agent-recover-point']
            
          </li>
        
          <li>
            
                ^
                
            
                ^delete-sync/(?P&lt;sync_id&gt;\d+)/$
                [name='sync_delete']
            
          </li>
        
          <li>
            
                ^
                
            
                ^delete-schedule/(?P&lt;schedule_id&gt;\d+)/$
                [name='schedule_delete']
            
          </li>
        
          <li>
            
                ^
                
            
                ^api/get-job/$
                [name='get-job']
            
          </li>
        
          <li>
            
                ^
                
            
                ^api/result-backup/$
                [name='handle-result-backup']
            
          </li>
        
          <li>
            
                ^
                
            
                ^api/result-restore/$
                [name='handle-result-restore']
            
          </li>
        
          <li>
            
                ^
                
            
                ^api/info-agent/$
                [name='update-info-agent']
            
          </li>
        
      </ol>
      <p>
        
        The current path, <code>rest/api/list/</code>, didn't match any of these.
      </p>
    
  </div>

  <div id="explanation">
    <p>
      You're seeing this error because you have <code>DEBUG = True</code> in
      your Django settings file. Change that to <code>False</code>, and Django
      will display a standard 404 page.
    </p>
  </div>
</body>
</html>

2018-11-08 11:19:07,863 - app.views - ERROR - <!DOCTYPE html>
<html lang="en">
<head>
  <meta http-equiv="content-type" content="text/html; charset=utf-8">
  <title>Page not found at /rest/api/list/</title>
  <meta name="robots" content="NONE,NOARCHIVE">
  <style type="text/css">
    html * { padding:0; margin:0; }
    body * { padding:10px 20px; }
    body * * { padding:0; }
    body { font:small sans-serif; background:#eee; color:#000; }
    body>div { border-bottom:1px solid #ddd; }
    h1 { font-weight:normal; margin-bottom:.4em; }
    h1 span { font-size:60%; color:#666; font-weight:normal; }
    table { border:none; border-collapse: collapse; width:100%; }
    td, th { vertical-align:top; padding:2px 3px; }
    th { width:12em; text-align:right; color:#666; padding-right:.5em; }
    #info { background:#f6f6f6; }
    #info ol { margin: 0.5em 4em; }
    #info ol li { font-family: monospace; }
    #summary { background: #ffc; }
    #explanation { background:#eee; border-bottom: 0px none; }
  </style>
</head>
<body>
  <div id="summary">
    <h1>Page not found <span>(404)</span></h1>
    <table class="meta">
      <tr>
        <th>Request Method:</th>
        <td>GET</td>
      </tr>
      <tr>
        <th>Request URL:</th>
        <td>http://192.168.20.51:8000/rest/api/list/</td>
      </tr>
      
    </table>
  </div>
  <div id="info">
    
      <p>
      Using the URLconf defined in <code>backup.urls</code>,
      Django tried these URL patterns, in this order:
      </p>
      <ol>
        
          <li>
            
                ^admin/
                
            
          </li>
        
          <li>
            
                ^app/
                
            
          </li>
        
          <li>
            
                ^
                
            
                ^$
                [name='index']
            
          </li>
        
          <li>
            
                ^
                
            
                ^contact/$
                [name='contact']
            
          </li>
        
          <li>
            
                ^
                
            
                ^networking/$
                [name='networking']
            
          </li>
        
          <li>
            
                ^
                
            
                ^device_setting/$
                [name='device_setting']
            
          </li>
        
          <li>
            
                ^
                
            
                ^login/$
                [name='login']
            
          </li>
        
          <li>
            
                ^
                
            
                ^logout/$
                [name='logout']
            
          </li>
        
          <li>
            
                ^
                
            
                ^reboot/$
                [name='reboot']
            
          </li>
        
          <li>
            
                ^
                
            
                ^config-agent/(?P&lt;agent_id&gt;\d+)/$
                [name='config-agent']
            
          </li>
        
          <li>
            
                ^
                
            
                ^restore-agent/(?P&lt;agent_id&gt;\d+)/$
                [name='restore-agent']
            
          </li>
        
          <li>
            
                ^
                
            
                ^restore-agent/(?P&lt;agent_id&gt;\d+)/cancel/(?P&lt;restore_id&gt;\d+)/$
                [name='restore-cancel']
            
          </li>
        
          <li>
            
                ^
                
            
                ^restore-agent/(?P&lt;agent_id&gt;\d+)/clear/(?P&lt;restore_id&gt;\d+)/$
                [name='restore-clear']
            
          </li>
        
          <li>
            
                ^
                
            
                ^agent/$
                [name='agent']
            
          </li>
        
          <li>
            
                ^
                
            
                ^agent/(?P&lt;agent_id&gt;\d+)/$
                [name='start_backup']
            
          </li>
        
          <li>
            
                ^
                
            
                ^off-site/$
                [name='off_site']
            
          </li>
        
          <li>
            
                ^
                
            
                ^delete-agent/(?P&lt;agent_id&gt;\d+)/$
                [name='agent_delete']
            
          </li>
        
          <li>
            
                ^
                
            
                ^recover-point/(?P&lt;agent_id&gt;\d+)/$
                [name='agent-recover-point']
            
          </li>
        
          <li>
            
                ^
                
            
                ^delete-sync/(?P&lt;sync_id&gt;\d+)/$
                [name='sync_delete']
            
          </li>
        
          <li>
            
                ^
                
            
                ^delete-schedule/(?P&lt;schedule_id&gt;\d+)/$
                [name='schedule_delete']
            
          </li>
        
          <li>
            
                ^
                
            
                ^api/get-job/$
                [name='get-job']
            
          </li>
        
          <li>
            
                ^
                
            
                ^api/result-backup/$
                [name='handle-result-backup']
            
          </li>
        
          <li>
            
                ^
                
            
                ^api/result-restore/$
                [name='handle-result-restore']
            
          </li>
        
          <li>
            
                ^
                
            
                ^api/info-agent/$
                [name='update-info-agent']
            
          </li>
        
      </ol>
      <p>
        
        The current path, <code>rest/api/list/</code>, didn't match any of these.
      </p>
    
  </div>

  <div id="explanation">
    <p>
      You're seeing this error because you have <code>DEBUG = True</code> in
      your Django settings file. Change that to <code>False</code>, and Django
      will display a standard 404 page.
    </p>
  </div>
</body>
</html>

2018-11-08 11:19:38,109 - app.views - ERROR - <!DOCTYPE html>
<html lang="en">
<head>
  <meta http-equiv="content-type" content="text/html; charset=utf-8">
  <title>Page not found at /rest/api/list/</title>
  <meta name="robots" content="NONE,NOARCHIVE">
  <style type="text/css">
    html * { padding:0; margin:0; }
    body * { padding:10px 20px; }
    body * * { padding:0; }
    body { font:small sans-serif; background:#eee; color:#000; }
    body>div { border-bottom:1px solid #ddd; }
    h1 { font-weight:normal; margin-bottom:.4em; }
    h1 span { font-size:60%; color:#666; font-weight:normal; }
    table { border:none; border-collapse: collapse; width:100%; }
    td, th { vertical-align:top; padding:2px 3px; }
    th { width:12em; text-align:right; color:#666; padding-right:.5em; }
    #info { background:#f6f6f6; }
    #info ol { margin: 0.5em 4em; }
    #info ol li { font-family: monospace; }
    #summary { background: #ffc; }
    #explanation { background:#eee; border-bottom: 0px none; }
  </style>
</head>
<body>
  <div id="summary">
    <h1>Page not found <span>(404)</span></h1>
    <table class="meta">
      <tr>
        <th>Request Method:</th>
        <td>GET</td>
      </tr>
      <tr>
        <th>Request URL:</th>
        <td>http://192.168.20.51:8000/rest/api/list/</td>
      </tr>
      
    </table>
  </div>
  <div id="info">
    
      <p>
      Using the URLconf defined in <code>backup.urls</code>,
      Django tried these URL patterns, in this order:
      </p>
      <ol>
        
          <li>
            
                ^admin/
                
            
          </li>
        
          <li>
            
                ^app/
                
            
          </li>
        
          <li>
            
                ^
                
            
                ^$
                [name='index']
            
          </li>
        
          <li>
            
                ^
                
            
                ^contact/$
                [name='contact']
            
          </li>
        
          <li>
            
                ^
                
            
                ^networking/$
                [name='networking']
            
          </li>
        
          <li>
            
                ^
                
            
                ^device_setting/$
                [name='device_setting']
            
          </li>
        
          <li>
            
                ^
                
            
                ^login/$
                [name='login']
            
          </li>
        
          <li>
            
                ^
                
            
                ^logout/$
                [name='logout']
            
          </li>
        
          <li>
            
                ^
                
            
                ^reboot/$
                [name='reboot']
            
          </li>
        
          <li>
            
                ^
                
            
                ^config-agent/(?P&lt;agent_id&gt;\d+)/$
                [name='config-agent']
            
          </li>
        
          <li>
            
                ^
                
            
                ^restore-agent/(?P&lt;agent_id&gt;\d+)/$
                [name='restore-agent']
            
          </li>
        
          <li>
            
                ^
                
            
                ^restore-agent/(?P&lt;agent_id&gt;\d+)/cancel/(?P&lt;restore_id&gt;\d+)/$
                [name='restore-cancel']
            
          </li>
        
          <li>
            
                ^
                
            
                ^restore-agent/(?P&lt;agent_id&gt;\d+)/clear/(?P&lt;restore_id&gt;\d+)/$
                [name='restore-clear']
            
          </li>
        
          <li>
            
                ^
                
            
                ^agent/$
                [name='agent']
            
          </li>
        
          <li>
            
                ^
                
            
                ^agent/(?P&lt;agent_id&gt;\d+)/$
                [name='start_backup']
            
          </li>
        
          <li>
            
                ^
                
            
                ^off-site/$
                [name='off_site']
            
          </li>
        
          <li>
            
                ^
                
            
                ^delete-agent/(?P&lt;agent_id&gt;\d+)/$
                [name='agent_delete']
            
          </li>
        
          <li>
            
                ^
                
            
                ^recover-point/(?P&lt;agent_id&gt;\d+)/$
                [name='agent-recover-point']
            
          </li>
        
          <li>
            
                ^
                
            
                ^delete-sync/(?P&lt;sync_id&gt;\d+)/$
                [name='sync_delete']
            
          </li>
        
          <li>
            
                ^
                
            
                ^delete-schedule/(?P&lt;schedule_id&gt;\d+)/$
                [name='schedule_delete']
            
          </li>
        
          <li>
            
                ^
                
            
                ^api/get-job/$
                [name='get-job']
            
          </li>
        
          <li>
            
                ^
                
            
                ^api/result-backup/$
                [name='handle-result-backup']
            
          </li>
        
          <li>
            
                ^
                
            
                ^api/result-restore/$
                [name='handle-result-restore']
            
          </li>
        
          <li>
            
                ^
                
            
                ^api/info-agent/$
                [name='update-info-agent']
            
          </li>
        
      </ol>
      <p>
        
        The current path, <code>rest/api/list/</code>, didn't match any of these.
      </p>
    
  </div>

  <div id="explanation">
    <p>
      You're seeing this error because you have <code>DEBUG = True</code> in
      your Django settings file. Change that to <code>False</code>, and Django
      will display a standard 404 page.
    </p>
  </div>
</body>
</html>

2018-11-08 11:20:17,406 - app.views - ERROR - <!DOCTYPE html>
<html lang="en">
<head>
  <meta http-equiv="content-type" content="text/html; charset=utf-8">
  <title>Page not found at /rest/api/list/</title>
  <meta name="robots" content="NONE,NOARCHIVE">
  <style type="text/css">
    html * { padding:0; margin:0; }
    body * { padding:10px 20px; }
    body * * { padding:0; }
    body { font:small sans-serif; background:#eee; color:#000; }
    body>div { border-bottom:1px solid #ddd; }
    h1 { font-weight:normal; margin-bottom:.4em; }
    h1 span { font-size:60%; color:#666; font-weight:normal; }
    table { border:none; border-collapse: collapse; width:100%; }
    td, th { vertical-align:top; padding:2px 3px; }
    th { width:12em; text-align:right; color:#666; padding-right:.5em; }
    #info { background:#f6f6f6; }
    #info ol { margin: 0.5em 4em; }
    #info ol li { font-family: monospace; }
    #summary { background: #ffc; }
    #explanation { background:#eee; border-bottom: 0px none; }
  </style>
</head>
<body>
  <div id="summary">
    <h1>Page not found <span>(404)</span></h1>
    <table class="meta">
      <tr>
        <th>Request Method:</th>
        <td>GET</td>
      </tr>
      <tr>
        <th>Request URL:</th>
        <td>http://192.168.20.51:8000/rest/api/list/</td>
      </tr>
      
    </table>
  </div>
  <div id="info">
    
      <p>
      Using the URLconf defined in <code>backup.urls</code>,
      Django tried these URL patterns, in this order:
      </p>
      <ol>
        
          <li>
            
                ^admin/
                
            
          </li>
        
          <li>
            
                ^app/
                
            
          </li>
        
          <li>
            
                ^
                
            
                ^$
                [name='index']
            
          </li>
        
          <li>
            
                ^
                
            
                ^contact/$
                [name='contact']
            
          </li>
        
          <li>
            
                ^
                
            
                ^networking/$
                [name='networking']
            
          </li>
        
          <li>
            
                ^
                
            
                ^device_setting/$
                [name='device_setting']
            
          </li>
        
          <li>
            
                ^
                
            
                ^login/$
                [name='login']
            
          </li>
        
          <li>
            
                ^
                
            
                ^logout/$
                [name='logout']
            
          </li>
        
          <li>
            
                ^
                
            
                ^reboot/$
                [name='reboot']
            
          </li>
        
          <li>
            
                ^
                
            
                ^config-agent/(?P&lt;agent_id&gt;\d+)/$
                [name='config-agent']
            
          </li>
        
          <li>
            
                ^
                
            
                ^restore-agent/(?P&lt;agent_id&gt;\d+)/$
                [name='restore-agent']
            
          </li>
        
          <li>
            
                ^
                
            
                ^restore-agent/(?P&lt;agent_id&gt;\d+)/cancel/(?P&lt;restore_id&gt;\d+)/$
                [name='restore-cancel']
            
          </li>
        
          <li>
            
                ^
                
            
                ^restore-agent/(?P&lt;agent_id&gt;\d+)/clear/(?P&lt;restore_id&gt;\d+)/$
                [name='restore-clear']
            
          </li>
        
          <li>
            
                ^
                
            
                ^agent/$
                [name='agent']
            
          </li>
        
          <li>
            
                ^
                
            
                ^agent/(?P&lt;agent_id&gt;\d+)/$
                [name='start_backup']
            
          </li>
        
          <li>
            
                ^
                
            
                ^off-site/$
                [name='off_site']
            
          </li>
        
          <li>
            
                ^
                
            
                ^delete-agent/(?P&lt;agent_id&gt;\d+)/$
                [name='agent_delete']
            
          </li>
        
          <li>
            
                ^
                
            
                ^recover-point/(?P&lt;agent_id&gt;\d+)/$
                [name='agent-recover-point']
            
          </li>
        
          <li>
            
                ^
                
            
                ^delete-sync/(?P&lt;sync_id&gt;\d+)/$
                [name='sync_delete']
            
          </li>
        
          <li>
            
                ^
                
            
                ^delete-schedule/(?P&lt;schedule_id&gt;\d+)/$
                [name='schedule_delete']
            
          </li>
        
          <li>
            
                ^
                
            
                ^api/get-job/$
                [name='get-job']
            
          </li>
        
          <li>
            
                ^
                
            
                ^api/result-backup/$
                [name='handle-result-backup']
            
          </li>
        
          <li>
            
                ^
                
            
                ^api/result-restore/$
                [name='handle-result-restore']
            
          </li>
        
          <li>
            
                ^
                
            
                ^api/info-agent/$
                [name='update-info-agent']
            
          </li>
        
      </ol>
      <p>
        
        The current path, <code>rest/api/list/</code>, didn't match any of these.
      </p>
    
  </div>

  <div id="explanation">
    <p>
      You're seeing this error because you have <code>DEBUG = True</code> in
      your Django settings file. Change that to <code>False</code>, and Django
      will display a standard 404 page.
    </p>
  </div>
</body>
</html>

2018-11-08 11:24:07,682 - app.views - ERROR - <!DOCTYPE html>
<html lang="en">
<head>
  <meta http-equiv="content-type" content="text/html; charset=utf-8">
  <title>Page not found at /rest/api/list/</title>
  <meta name="robots" content="NONE,NOARCHIVE">
  <style type="text/css">
    html * { padding:0; margin:0; }
    body * { padding:10px 20px; }
    body * * { padding:0; }
    body { font:small sans-serif; background:#eee; color:#000; }
    body>div { border-bottom:1px solid #ddd; }
    h1 { font-weight:normal; margin-bottom:.4em; }
    h1 span { font-size:60%; color:#666; font-weight:normal; }
    table { border:none; border-collapse: collapse; width:100%; }
    td, th { vertical-align:top; padding:2px 3px; }
    th { width:12em; text-align:right; color:#666; padding-right:.5em; }
    #info { background:#f6f6f6; }
    #info ol { margin: 0.5em 4em; }
    #info ol li { font-family: monospace; }
    #summary { background: #ffc; }
    #explanation { background:#eee; border-bottom: 0px none; }
  </style>
</head>
<body>
  <div id="summary">
    <h1>Page not found <span>(404)</span></h1>
    <table class="meta">
      <tr>
        <th>Request Method:</th>
        <td>GET</td>
      </tr>
      <tr>
        <th>Request URL:</th>
        <td>http://192.168.20.51:8000/rest/api/list/</td>
      </tr>
      
    </table>
  </div>
  <div id="info">
    
      <p>
      Using the URLconf defined in <code>backup.urls</code>,
      Django tried these URL patterns, in this order:
      </p>
      <ol>
        
          <li>
            
                ^admin/
                
            
          </li>
        
          <li>
            
                ^app/
                
            
          </li>
        
          <li>
            
                ^
                
            
                ^$
                [name='index']
            
          </li>
        
          <li>
            
                ^
                
            
                ^contact/$
                [name='contact']
            
          </li>
        
          <li>
            
                ^
                
            
                ^networking/$
                [name='networking']
            
          </li>
        
          <li>
            
                ^
                
            
                ^device_setting/$
                [name='device_setting']
            
          </li>
        
          <li>
            
                ^
                
            
                ^login/$
                [name='login']
            
          </li>
        
          <li>
            
                ^
                
            
                ^logout/$
                [name='logout']
            
          </li>
        
          <li>
            
                ^
                
            
                ^reboot/$
                [name='reboot']
            
          </li>
        
          <li>
            
                ^
                
            
                ^config-agent/(?P&lt;agent_id&gt;\d+)/$
                [name='config-agent']
            
          </li>
        
          <li>
            
                ^
                
            
                ^restore-agent/(?P&lt;agent_id&gt;\d+)/$
                [name='restore-agent']
            
          </li>
        
          <li>
            
                ^
                
            
                ^restore-agent/(?P&lt;agent_id&gt;\d+)/cancel/(?P&lt;restore_id&gt;\d+)/$
                [name='restore-cancel']
            
          </li>
        
          <li>
            
                ^
                
            
                ^restore-agent/(?P&lt;agent_id&gt;\d+)/clear/(?P&lt;restore_id&gt;\d+)/$
                [name='restore-clear']
            
          </li>
        
          <li>
            
                ^
                
            
                ^agent/$
                [name='agent']
            
          </li>
        
          <li>
            
                ^
                
            
                ^agent/(?P&lt;agent_id&gt;\d+)/$
                [name='start_backup']
            
          </li>
        
          <li>
            
                ^
                
            
                ^off-site/$
                [name='off_site']
            
          </li>
        
          <li>
            
                ^
                
            
                ^delete-agent/(?P&lt;agent_id&gt;\d+)/$
                [name='agent_delete']
            
          </li>
        
          <li>
            
                ^
                
            
                ^recover-point/(?P&lt;agent_id&gt;\d+)/$
                [name='agent-recover-point']
            
          </li>
        
          <li>
            
                ^
                
            
                ^delete-sync/(?P&lt;sync_id&gt;\d+)/$
                [name='sync_delete']
            
          </li>
        
          <li>
            
                ^
                
            
                ^delete-schedule/(?P&lt;schedule_id&gt;\d+)/$
                [name='schedule_delete']
            
          </li>
        
          <li>
            
                ^
                
            
                ^api/get-job/$
                [name='get-job']
            
          </li>
        
          <li>
            
                ^
                
            
                ^api/result-backup/$
                [name='handle-result-backup']
            
          </li>
        
          <li>
            
                ^
                
            
                ^api/result-restore/$
                [name='handle-result-restore']
            
          </li>
        
          <li>
            
                ^
                
            
                ^api/info-agent/$
                [name='update-info-agent']
            
          </li>
        
      </ol>
      <p>
        
        The current path, <code>rest/api/list/</code>, didn't match any of these.
      </p>
    
  </div>

  <div id="explanation">
    <p>
      You're seeing this error because you have <code>DEBUG = True</code> in
      your Django settings file. Change that to <code>False</code>, and Django
      will display a standard 404 page.
    </p>
  </div>
</body>
</html>

2018-11-08 11:33:02,120 - app.views - ERROR - <!DOCTYPE html>
<html lang="en">
<head>
  <meta http-equiv="content-type" content="text/html; charset=utf-8">
  <title>Page not found at /rest/api/list/</title>
  <meta name="robots" content="NONE,NOARCHIVE">
  <style type="text/css">
    html * { padding:0; margin:0; }
    body * { padding:10px 20px; }
    body * * { padding:0; }
    body { font:small sans-serif; background:#eee; color:#000; }
    body>div { border-bottom:1px solid #ddd; }
    h1 { font-weight:normal; margin-bottom:.4em; }
    h1 span { font-size:60%; color:#666; font-weight:normal; }
    table { border:none; border-collapse: collapse; width:100%; }
    td, th { vertical-align:top; padding:2px 3px; }
    th { width:12em; text-align:right; color:#666; padding-right:.5em; }
    #info { background:#f6f6f6; }
    #info ol { margin: 0.5em 4em; }
    #info ol li { font-family: monospace; }
    #summary { background: #ffc; }
    #explanation { background:#eee; border-bottom: 0px none; }
  </style>
</head>
<body>
  <div id="summary">
    <h1>Page not found <span>(404)</span></h1>
    <table class="meta">
      <tr>
        <th>Request Method:</th>
        <td>GET</td>
      </tr>
      <tr>
        <th>Request URL:</th>
        <td>http://192.168.20.51:8000/rest/api/list/</td>
      </tr>
      
    </table>
  </div>
  <div id="info">
    
      <p>
      Using the URLconf defined in <code>backup.urls</code>,
      Django tried these URL patterns, in this order:
      </p>
      <ol>
        
          <li>
            
                ^admin/
                
            
          </li>
        
          <li>
            
                ^app/
                
            
          </li>
        
          <li>
            
                ^
                
            
                ^$
                [name='index']
            
          </li>
        
          <li>
            
                ^
                
            
                ^contact/$
                [name='contact']
            
          </li>
        
          <li>
            
                ^
                
            
                ^networking/$
                [name='networking']
            
          </li>
        
          <li>
            
                ^
                
            
                ^device_setting/$
                [name='device_setting']
            
          </li>
        
          <li>
            
                ^
                
            
                ^login/$
                [name='login']
            
          </li>
        
          <li>
            
                ^
                
            
                ^logout/$
                [name='logout']
            
          </li>
        
          <li>
            
                ^
                
            
                ^reboot/$
                [name='reboot']
            
          </li>
        
          <li>
            
                ^
                
            
                ^config-agent/(?P&lt;agent_id&gt;\d+)/$
                [name='config-agent']
            
          </li>
        
          <li>
            
                ^
                
            
                ^restore-agent/(?P&lt;agent_id&gt;\d+)/$
                [name='restore-agent']
            
          </li>
        
          <li>
            
                ^
                
            
                ^restore-agent/(?P&lt;agent_id&gt;\d+)/cancel/(?P&lt;restore_id&gt;\d+)/$
                [name='restore-cancel']
            
          </li>
        
          <li>
            
                ^
                
            
                ^restore-agent/(?P&lt;agent_id&gt;\d+)/clear/(?P&lt;restore_id&gt;\d+)/$
                [name='restore-clear']
            
          </li>
        
          <li>
            
                ^
                
            
                ^agent/$
                [name='agent']
            
          </li>
        
          <li>
            
                ^
                
            
                ^agent/(?P&lt;agent_id&gt;\d+)/$
                [name='start_backup']
            
          </li>
        
          <li>
            
                ^
                
            
                ^off-site/$
                [name='off_site']
            
          </li>
        
          <li>
            
                ^
                
            
                ^delete-agent/(?P&lt;agent_id&gt;\d+)/$
                [name='agent_delete']
            
          </li>
        
          <li>
            
                ^
                
            
                ^recover-point/(?P&lt;agent_id&gt;\d+)/$
                [name='agent-recover-point']
            
          </li>
        
          <li>
            
                ^
                
            
                ^delete-sync/(?P&lt;sync_id&gt;\d+)/$
                [name='sync_delete']
            
          </li>
        
          <li>
            
                ^
                
            
                ^delete-schedule/(?P&lt;schedule_id&gt;\d+)/$
                [name='schedule_delete']
            
          </li>
        
          <li>
            
                ^
                
            
                ^api/get-job/$
                [name='get-job']
            
          </li>
        
          <li>
            
                ^
                
            
                ^api/result-backup/$
                [name='handle-result-backup']
            
          </li>
        
          <li>
            
                ^
                
            
                ^api/result-restore/$
                [name='handle-result-restore']
            
          </li>
        
          <li>
            
                ^
                
            
                ^api/info-agent/$
                [name='update-info-agent']
            
          </li>
        
      </ol>
      <p>
        
        The current path, <code>rest/api/list/</code>, didn't match any of these.
      </p>
    
  </div>

  <div id="explanation">
    <p>
      You're seeing this error because you have <code>DEBUG = True</code> in
      your Django settings file. Change that to <code>False</code>, and Django
      will display a standard 404 page.
    </p>
  </div>
</body>
</html>

2018-11-08 11:35:20,373 - app.views - ERROR - <!DOCTYPE html>
<html lang="en">
<head>
  <meta http-equiv="content-type" content="text/html; charset=utf-8">
  <title>Page not found at /rest/api/list/</title>
  <meta name="robots" content="NONE,NOARCHIVE">
  <style type="text/css">
    html * { padding:0; margin:0; }
    body * { padding:10px 20px; }
    body * * { padding:0; }
    body { font:small sans-serif; background:#eee; color:#000; }
    body>div { border-bottom:1px solid #ddd; }
    h1 { font-weight:normal; margin-bottom:.4em; }
    h1 span { font-size:60%; color:#666; font-weight:normal; }
    table { border:none; border-collapse: collapse; width:100%; }
    td, th { vertical-align:top; padding:2px 3px; }
    th { width:12em; text-align:right; color:#666; padding-right:.5em; }
    #info { background:#f6f6f6; }
    #info ol { margin: 0.5em 4em; }
    #info ol li { font-family: monospace; }
    #summary { background: #ffc; }
    #explanation { background:#eee; border-bottom: 0px none; }
  </style>
</head>
<body>
  <div id="summary">
    <h1>Page not found <span>(404)</span></h1>
    <table class="meta">
      <tr>
        <th>Request Method:</th>
        <td>GET</td>
      </tr>
      <tr>
        <th>Request URL:</th>
        <td>http://192.168.20.51:8000/rest/api/list/</td>
      </tr>
      
    </table>
  </div>
  <div id="info">
    
      <p>
      Using the URLconf defined in <code>backup.urls</code>,
      Django tried these URL patterns, in this order:
      </p>
      <ol>
        
          <li>
            
                ^admin/
                
            
          </li>
        
          <li>
            
                ^app/
                
            
          </li>
        
          <li>
            
                ^
                
            
                ^$
                [name='index']
            
          </li>
        
          <li>
            
                ^
                
            
                ^contact/$
                [name='contact']
            
          </li>
        
          <li>
            
                ^
                
            
                ^networking/$
                [name='networking']
            
          </li>
        
          <li>
            
                ^
                
            
                ^device_setting/$
                [name='device_setting']
            
          </li>
        
          <li>
            
                ^
                
            
                ^login/$
                [name='login']
            
          </li>
        
          <li>
            
                ^
                
            
                ^logout/$
                [name='logout']
            
          </li>
        
          <li>
            
                ^
                
            
                ^reboot/$
                [name='reboot']
            
          </li>
        
          <li>
            
                ^
                
            
                ^config-agent/(?P&lt;agent_id&gt;\d+)/$
                [name='config-agent']
            
          </li>
        
          <li>
            
                ^
                
            
                ^restore-agent/(?P&lt;agent_id&gt;\d+)/$
                [name='restore-agent']
            
          </li>
        
          <li>
            
                ^
                
            
                ^restore-agent/(?P&lt;agent_id&gt;\d+)/cancel/(?P&lt;restore_id&gt;\d+)/$
                [name='restore-cancel']
            
          </li>
        
          <li>
            
                ^
                
            
                ^restore-agent/(?P&lt;agent_id&gt;\d+)/clear/(?P&lt;restore_id&gt;\d+)/$
                [name='restore-clear']
            
          </li>
        
          <li>
            
                ^
                
            
                ^agent/$
                [name='agent']
            
          </li>
        
          <li>
            
                ^
                
            
                ^agent/(?P&lt;agent_id&gt;\d+)/$
                [name='start_backup']
            
          </li>
        
          <li>
            
                ^
                
            
                ^off-site/$
                [name='off_site']
            
          </li>
        
          <li>
            
                ^
                
            
                ^delete-agent/(?P&lt;agent_id&gt;\d+)/$
                [name='agent_delete']
            
          </li>
        
          <li>
            
                ^
                
            
                ^recover-point/(?P&lt;agent_id&gt;\d+)/$
                [name='agent-recover-point']
            
          </li>
        
          <li>
            
                ^
                
            
                ^delete-sync/(?P&lt;sync_id&gt;\d+)/$
                [name='sync_delete']
            
          </li>
        
          <li>
            
                ^
                
            
                ^delete-schedule/(?P&lt;schedule_id&gt;\d+)/$
                [name='schedule_delete']
            
          </li>
        
          <li>
            
                ^
                
            
                ^api/get-job/$
                [name='get-job']
            
          </li>
        
          <li>
            
                ^
                
            
                ^api/result-backup/$
                [name='handle-result-backup']
            
          </li>
        
          <li>
            
                ^
                
            
                ^api/result-restore/$
                [name='handle-result-restore']
            
          </li>
        
          <li>
            
                ^
                
            
                ^api/info-agent/$
                [name='update-info-agent']
            
          </li>
        
      </ol>
      <p>
        
        The current path, <code>rest/api/list/</code>, didn't match any of these.
      </p>
    
  </div>

  <div id="explanation">
    <p>
      You're seeing this error because you have <code>DEBUG = True</code> in
      your Django settings file. Change that to <code>False</code>, and Django
      will display a standard 404 page.
    </p>
  </div>
</body>
</html>

2018-11-12 01:07:44,658 - app.views - ERROR - Create agent fail: User ginkgo existed
2018-11-12 01:08:12,413 - app.views - ERROR - Create agent fail: User ginkgo existed
2018-11-12 01:10:17,078 - app.views - INFO - Agent windows 10 Ginkgo created
2018-11-19 01:05:04,510 - app.views - DEBUG - <function now at 0x7fb0b3801f28>
2018-11-19 01:05:04,560 - app.views - DEBUG - job save
2018-11-19 02:18:19,468 - app.views - ERROR - Cannot connect to Docker server
2018-11-19 02:27:26,735 - app.views - ERROR - Cannot connect to Docker server
2018-11-19 08:18:19,987 - app.views - ERROR - Cannot connect to Docker server
2018-11-19 08:34:25,956 - app.views - ERROR - Cannot connect to Docker server
2018-11-19 08:34:47,139 - app.views - ERROR - Cannot connect to Docker server
2018-11-19 08:38:30,485 - app.views - ERROR - Cannot connect to Docker server
2018-11-19 08:48:27,368 - app.views - ERROR - Cannot connect to Docker server
2018-11-19 08:49:38,128 - app.views - ERROR - Cannot connect to Docker server
2018-11-19 08:49:45,458 - app.views - ERROR - Cannot connect to Docker server
2018-11-19 08:51:52,935 - app.views - ERROR - Cannot connect to Docker server
2018-11-19 08:51:53,444 - app.views - ERROR - Cannot connect to Docker server
2018-11-19 09:13:18,902 - app.views - ERROR - Cannot connect to Docker server
2018-11-19 09:14:32,445 - app.views - INFO - Agent docker_trangnth created
2018-11-19 09:20:37,026 - app.views - ERROR - Cannot connect to Docker server
2018-11-19 09:21:06,115 - app.views - ERROR - Cannot connect to Docker server
2018-11-19 09:31:57,291 - app.views - INFO - Agent ubuntu-20-51 created
2018-11-19 15:13:41,884 - app.views - INFO - Agent docker_trangnth deleted
2018-11-19 17:01:01,771 - app.views - INFO - Agent docker_trang_linux created
2018-11-19 17:12:39,375 - app.views - INFO - Agent docker_trang_linux deleted
2018-11-19 17:14:36,539 - app.views - INFO - Agent docker_trang_linux created
2018-11-19 17:28:30,881 - app.views - INFO - Agent docker_trang_linux deleted
2018-11-19 17:28:51,079 - app.views - INFO - Agent docker_trang_linux created
2018-11-19 17:30:40,736 - app.views - INFO - Agent docker_trang_linux deleted
2018-11-19 17:34:21,219 - app.views - INFO - Agent docker_trang_linux created
2018-11-19 17:39:34,590 - app.views - INFO - Agent docker_trang_linux deleted
2018-11-19 17:39:48,160 - app.views - INFO - Agent docker_trang_linux created
2018-11-19 17:50:34,342 - app.views - INFO - Agent docker_trang_linux deleted
2018-11-19 17:50:43,922 - app.views - INFO - Agent docker_trang_linux created
2018-11-19 17:52:30,303 - app.views - INFO - Agent docker_trang_linux deleted
2018-11-19 17:52:46,153 - app.views - INFO - Agent docker_trang_linux created
2018-11-19 19:03:17,333 - app.views - INFO - Agent docker_trang_linux deleted
2018-11-19 19:03:35,570 - app.views - INFO - Agent docker_trang_linux created
2018-11-19 19:08:18,655 - app.views - INFO - Agent docker_trang_linux deleted
2018-11-19 19:11:16,744 - app.views - INFO - Agent docker_trang_linux created
2018-11-19 19:15:11,812 - app.views - INFO - Agent docker_trang_linux deleted
2018-11-19 19:16:16,189 - app.views - INFO - Agent docker_trang_linux created
2018-11-19 19:29:58,037 - app.views - INFO - Agent docker_trang_linux deleted
2018-11-19 19:30:14,431 - app.views - INFO - Agent docker_trang_linux created
2018-11-19 19:34:36,628 - app.views - INFO - Agent docker_trang_linux deleted
2018-11-19 19:35:00,555 - app.views - INFO - Agent docker_trang_linux created
2018-11-19 19:35:12,546 - app.views - INFO - Agent docker_trang_linux deleted
2018-11-19 19:36:19,639 - app.views - INFO - Agent docker_trang_linux created
